{"/Users/khalidhussain/Learning-Project/React/EAD/ead-sp22/backend/index.js": {"path":"/Users/khalidhussain/Learning-Project/React/EAD/ead-sp22/backend/index.js","statementMap":{"0":{"start":{"line":23,"column":16},"end":{"line":23,"column":34}},"1":{"start":{"line":25,"column":19},"end":{"line":25,"column":41}},"2":{"start":{"line":27,"column":23},"end":{"line":27,"column":49}},"3":{"start":{"line":29,"column":19},"end":{"line":29,"column":48}},"4":{"start":{"line":31,"column":17},"end":{"line":31,"column":36}},"5":{"start":{"line":33,"column":13},"end":{"line":33,"column":28}},"6":{"start":{"line":35,"column":14},"end":{"line":35,"column":38}},"7":{"start":{"line":37,"column":15},"end":{"line":37,"column":32}},"8":{"start":{"line":39,"column":21},"end":{"line":39,"column":38}},"9":{"start":{"line":42,"column":14},"end":{"line":42,"column":32}},"10":{"start":{"line":44,"column":0},"end":{"line":46,"column":3}},"11":{"start":{"line":45,"column":2},"end":{"line":45,"column":70}},"12":{"start":{"line":48,"column":0},"end":{"line":48,"column":33}},"13":{"start":{"line":49,"column":0},"end":{"line":49,"column":32}},"14":{"start":{"line":50,"column":0},"end":{"line":50,"column":32}},"15":{"start":{"line":52,"column":0},"end":{"line":52,"column":16}},"16":{"start":{"line":54,"column":19},"end":{"line":54,"column":44}},"17":{"start":{"line":56,"column":26},"end":{"line":56,"column":68}},"18":{"start":{"line":58,"column":23},"end":{"line":58,"column":62}},"19":{"start":{"line":60,"column":32},"end":{"line":60,"column":46}},"20":{"start":{"line":62,"column":12},"end":{"line":62,"column":21}},"21":{"start":{"line":64,"column":0},"end":{"line":64,"column":22}},"22":{"start":{"line":66,"column":0},"end":{"line":66,"column":17}},"23":{"start":{"line":68,"column":0},"end":{"line":68,"column":51}},"24":{"start":{"line":70,"column":0},"end":{"line":70,"column":48}},"25":{"start":{"line":71,"column":0},"end":{"line":71,"column":49}},"26":{"start":{"line":73,"column":0},"end":{"line":73,"column":27}},"27":{"start":{"line":74,"column":0},"end":{"line":74,"column":51}},"28":{"start":{"line":76,"column":0},"end":{"line":76,"column":30}},"29":{"start":{"line":78,"column":0},"end":{"line":78,"column":51}},"30":{"start":{"line":82,"column":0},"end":{"line":82,"column":25}},"31":{"start":{"line":84,"column":0},"end":{"line":84,"column":41}},"32":{"start":{"line":86,"column":0},"end":{"line":93,"column":3}},"33":{"start":{"line":91,"column":19},"end":{"line":91,"column":68}},"34":{"start":{"line":92,"column":2},"end":{"line":92,"column":51}},"35":{"start":{"line":95,"column":0},"end":{"line":98,"column":3}},"36":{"start":{"line":96,"column":2},"end":{"line":96,"column":22}},"37":{"start":{"line":97,"column":2},"end":{"line":97,"column":27}},"38":{"start":{"line":100,"column":0},"end":{"line":106,"column":2}},"39":{"start":{"line":108,"column":0},"end":{"line":108,"column":46}},"40":{"start":{"line":110,"column":0},"end":{"line":110,"column":42}},"41":{"start":{"line":112,"column":0},"end":{"line":112,"column":65}},"42":{"start":{"line":114,"column":0},"end":{"line":114,"column":63}},"43":{"start":{"line":116,"column":0},"end":{"line":116,"column":56}},"44":{"start":{"line":118,"column":0},"end":{"line":118,"column":48}},"45":{"start":{"line":121,"column":0},"end":{"line":125,"column":2}},"46":{"start":{"line":127,"column":0},"end":{"line":127,"column":73}},"47":{"start":{"line":129,"column":0},"end":{"line":129,"column":80}},"48":{"start":{"line":131,"column":0},"end":{"line":131,"column":58}},"49":{"start":{"line":133,"column":0},"end":{"line":139,"column":3}},"50":{"start":{"line":138,"column":2},"end":{"line":138,"column":22}},"51":{"start":{"line":141,"column":0},"end":{"line":147,"column":3}},"52":{"start":{"line":142,"column":15},"end":{"line":142,"column":47}},"53":{"start":{"line":143,"column":2},"end":{"line":143,"column":43}},"54":{"start":{"line":144,"column":2},"end":{"line":144,"column":42}},"55":{"start":{"line":145,"column":19},"end":{"line":145,"column":68}},"56":{"start":{"line":146,"column":2},"end":{"line":146,"column":47}},"57":{"start":{"line":152,"column":0},"end":{"line":154,"column":3}},"58":{"start":{"line":153,"column":2},"end":{"line":153,"column":45}},"59":{"start":{"line":157,"column":0},"end":{"line":157,"column":21}}},"fnMap":{"0":{"name":"(anonymous_0)","decl":{"start":{"line":44,"column":17},"end":{"line":44,"column":18}},"loc":{"start":{"line":44,"column":38},"end":{"line":46,"column":1}},"line":44},"1":{"name":"(anonymous_1)","decl":{"start":{"line":86,"column":13},"end":{"line":86,"column":14}},"loc":{"start":{"line":86,"column":33},"end":{"line":93,"column":1}},"line":86},"2":{"name":"(anonymous_2)","decl":{"start":{"line":95,"column":32},"end":{"line":95,"column":33}},"loc":{"start":{"line":95,"column":46},"end":{"line":98,"column":1}},"line":95},"3":{"name":"(anonymous_3)","decl":{"start":{"line":133,"column":18},"end":{"line":133,"column":19}},"loc":{"start":{"line":133,"column":38},"end":{"line":139,"column":1}},"line":133},"4":{"name":"(anonymous_4)","decl":{"start":{"line":141,"column":17},"end":{"line":141,"column":18}},"loc":{"start":{"line":141,"column":37},"end":{"line":147,"column":1}},"line":141},"5":{"name":"(anonymous_5)","decl":{"start":{"line":152,"column":13},"end":{"line":152,"column":14}},"loc":{"start":{"line":152,"column":33},"end":{"line":154,"column":1}},"line":152}},"branchMap":{},"s":{"0":1,"1":1,"2":1,"3":1,"4":1,"5":1,"6":1,"7":1,"8":1,"9":1,"10":1,"11":3,"12":1,"13":1,"14":1,"15":1,"16":1,"17":1,"18":1,"19":1,"20":1,"21":1,"22":1,"23":1,"24":1,"25":1,"26":1,"27":1,"28":1,"29":1,"30":1,"31":1,"32":1,"33":0,"34":0,"35":1,"36":0,"37":0,"38":1,"39":1,"40":1,"41":1,"42":1,"43":1,"44":1,"45":1,"46":1,"47":1,"48":1,"49":1,"50":0,"51":1,"52":0,"53":0,"54":0,"55":0,"56":0,"57":1,"58":0,"59":1},"f":{"0":3,"1":0,"2":0,"3":0,"4":0,"5":0},"b":{},"_coverageSchema":"1a1c01bbd47fc00a2c39e90264f33305004495a9","hash":"961123db136336da23167a954e3ec854930a3eea"}
,"/Users/khalidhussain/Learning-Project/React/EAD/ead-sp22/backend/controllers/productController.js": {"path":"/Users/khalidhussain/Learning-Project/React/EAD/ead-sp22/backend/controllers/productController.js","statementMap":{"0":{"start":{"line":1,"column":16},"end":{"line":1,"column":44}},"1":{"start":{"line":2,"column":13},"end":{"line":2,"column":28}},"2":{"start":{"line":4,"column":20},"end":{"line":8,"column":1}},"3":{"start":{"line":5,"column":2},"end":{"line":5,"column":31}},"4":{"start":{"line":6,"column":19},"end":{"line":6,"column":58}},"5":{"start":{"line":7,"column":2},"end":{"line":7,"column":39}},"6":{"start":{"line":12,"column":23},"end":{"line":15,"column":1}},"7":{"start":{"line":13,"column":19},"end":{"line":13,"column":39}},"8":{"start":{"line":14,"column":2},"end":{"line":14,"column":20}},"9":{"start":{"line":18,"column":15},"end":{"line":20,"column":1}},"10":{"start":{"line":19,"column":2},"end":{"line":19,"column":23}},"11":{"start":{"line":22,"column":22},"end":{"line":27,"column":1}},"12":{"start":{"line":23,"column":14},"end":{"line":23,"column":28}},"13":{"start":{"line":24,"column":2},"end":{"line":24,"column":27}},"14":{"start":{"line":25,"column":15},"end":{"line":25,"column":42}},"15":{"start":{"line":26,"column":2},"end":{"line":26,"column":49}},"16":{"start":{"line":29,"column":22},"end":{"line":42,"column":1}},"17":{"start":{"line":30,"column":2},"end":{"line":30,"column":24}},"18":{"start":{"line":31,"column":2},"end":{"line":31,"column":24}},"19":{"start":{"line":32,"column":14},"end":{"line":32,"column":27}},"20":{"start":{"line":33,"column":2},"end":{"line":41,"column":5}},"21":{"start":{"line":34,"column":4},"end":{"line":40,"column":6}},"22":{"start":{"line":37,"column":8},"end":{"line":37,"column":29}},"23":{"start":{"line":38,"column":8},"end":{"line":38,"column":34}},"24":{"start":{"line":44,"column":0},"end":{"line":44,"column":87}}},"fnMap":{"0":{"name":"(anonymous_0)","decl":{"start":{"line":4,"column":20},"end":{"line":4,"column":21}},"loc":{"start":{"line":4,"column":40},"end":{"line":8,"column":1}},"line":4},"1":{"name":"(anonymous_1)","decl":{"start":{"line":12,"column":23},"end":{"line":12,"column":24}},"loc":{"start":{"line":12,"column":43},"end":{"line":15,"column":1}},"line":12},"2":{"name":"(anonymous_2)","decl":{"start":{"line":18,"column":15},"end":{"line":18,"column":16}},"loc":{"start":{"line":18,"column":29},"end":{"line":20,"column":1}},"line":18},"3":{"name":"(anonymous_3)","decl":{"start":{"line":22,"column":22},"end":{"line":22,"column":23}},"loc":{"start":{"line":22,"column":42},"end":{"line":27,"column":1}},"line":22},"4":{"name":"(anonymous_4)","decl":{"start":{"line":29,"column":22},"end":{"line":29,"column":23}},"loc":{"start":{"line":29,"column":36},"end":{"line":42,"column":1}},"line":29},"5":{"name":"(anonymous_5)","decl":{"start":{"line":33,"column":58},"end":{"line":33,"column":59}},"loc":{"start":{"line":33,"column":67},"end":{"line":41,"column":3}},"line":33},"6":{"name":"(anonymous_6)","decl":{"start":{"line":36,"column":6},"end":{"line":36,"column":7}},"loc":{"start":{"line":36,"column":24},"end":{"line":39,"column":7}},"line":36}},"branchMap":{},"s":{"0":1,"1":1,"2":1,"3":0,"4":0,"5":0,"6":1,"7":1,"8":1,"9":1,"10":0,"11":1,"12":0,"13":0,"14":0,"15":0,"16":1,"17":0,"18":0,"19":0,"20":0,"21":0,"22":0,"23":0,"24":1},"f":{"0":0,"1":1,"2":0,"3":0,"4":0,"5":0,"6":0},"b":{},"_coverageSchema":"1a1c01bbd47fc00a2c39e90264f33305004495a9","hash":"970227b00b4f55a81c33f8908e900e8bc8b5f9cc"}
,"/Users/khalidhussain/Learning-Project/React/EAD/ead-sp22/backend/controllers/userController.js": {"path":"/Users/khalidhussain/Learning-Project/React/EAD/ead-sp22/backend/controllers/userController.js","statementMap":{"0":{"start":{"line":1,"column":13},"end":{"line":1,"column":38}},"1":{"start":{"line":2,"column":15},"end":{"line":2,"column":32}},"2":{"start":{"line":3,"column":12},"end":{"line":3,"column":35}},"3":{"start":{"line":5,"column":15},"end":{"line":5,"column":28}},"4":{"start":{"line":8,"column":14},"end":{"line":10,"column":1}},"5":{"start":{"line":9,"column":2},"end":{"line":9,"column":27}},"6":{"start":{"line":12,"column":15},"end":{"line":15,"column":1}},"7":{"start":{"line":13,"column":2},"end":{"line":13,"column":24}},"8":{"start":{"line":14,"column":2},"end":{"line":14,"column":25}},"9":{"start":{"line":17,"column":17},"end":{"line":35,"column":1}},"10":{"start":{"line":18,"column":33},"end":{"line":18,"column":41}},"11":{"start":{"line":19,"column":2},"end":{"line":34,"column":5}},"12":{"start":{"line":20,"column":4},"end":{"line":20,"column":22}},"13":{"start":{"line":21,"column":4},"end":{"line":33,"column":5}},"14":{"start":{"line":22,"column":6},"end":{"line":30,"column":9}},"15":{"start":{"line":23,"column":8},"end":{"line":23,"column":31}},"16":{"start":{"line":24,"column":8},"end":{"line":29,"column":9}},"17":{"start":{"line":25,"column":24},"end":{"line":25,"column":99}},"18":{"start":{"line":26,"column":10},"end":{"line":26,"column":39}},"19":{"start":{"line":28,"column":10},"end":{"line":28,"column":45}},"20":{"start":{"line":32,"column":6},"end":{"line":32,"column":41}},"21":{"start":{"line":37,"column":21},"end":{"line":57,"column":1}},"22":{"start":{"line":38,"column":33},"end":{"line":38,"column":41}},"23":{"start":{"line":39,"column":2},"end":{"line":56,"column":5}},"24":{"start":{"line":40,"column":4},"end":{"line":40,"column":22}},"25":{"start":{"line":41,"column":4},"end":{"line":55,"column":5}},"26":{"start":{"line":42,"column":6},"end":{"line":52,"column":9}},"27":{"start":{"line":43,"column":8},"end":{"line":43,"column":31}},"28":{"start":{"line":44,"column":8},"end":{"line":51,"column":9}},"29":{"start":{"line":45,"column":24},"end":{"line":45,"column":83}},"30":{"start":{"line":46,"column":10},"end":{"line":46,"column":37}},"31":{"start":{"line":47,"column":10},"end":{"line":47,"column":28}},"32":{"start":{"line":48,"column":10},"end":{"line":48,"column":28}},"33":{"start":{"line":50,"column":10},"end":{"line":50,"column":33}},"34":{"start":{"line":54,"column":6},"end":{"line":54,"column":29}},"35":{"start":{"line":59,"column":15},"end":{"line":72,"column":1}},"36":{"start":{"line":60,"column":15},"end":{"line":60,"column":35}},"37":{"start":{"line":61,"column":2},"end":{"line":61,"column":29}},"38":{"start":{"line":62,"column":17},"end":{"line":62,"column":19}},"39":{"start":{"line":64,"column":2},"end":{"line":66,"column":3}},"40":{"start":{"line":65,"column":4},"end":{"line":65,"column":29}},"41":{"start":{"line":68,"column":2},"end":{"line":71,"column":5}},"42":{"start":{"line":74,"column":15},"end":{"line":89,"column":1}},"43":{"start":{"line":75,"column":2},"end":{"line":75,"column":24}},"44":{"start":{"line":76,"column":2},"end":{"line":88,"column":5}},"45":{"start":{"line":77,"column":4},"end":{"line":85,"column":5}},"46":{"start":{"line":78,"column":6},"end":{"line":78,"column":34}},"47":{"start":{"line":79,"column":6},"end":{"line":79,"column":35}},"48":{"start":{"line":80,"column":21},"end":{"line":82,"column":7}},"49":{"start":{"line":81,"column":17},"end":{"line":81,"column":40}},"50":{"start":{"line":83,"column":6},"end":{"line":83,"column":44}},"51":{"start":{"line":84,"column":6},"end":{"line":84,"column":37}},"52":{"start":{"line":86,"column":4},"end":{"line":86,"column":22}},"53":{"start":{"line":87,"column":4},"end":{"line":87,"column":22}},"54":{"start":{"line":90,"column":0},"end":{"line":90,"column":74}}},"fnMap":{"0":{"name":"(anonymous_0)","decl":{"start":{"line":8,"column":14},"end":{"line":8,"column":15}},"loc":{"start":{"line":8,"column":28},"end":{"line":10,"column":1}},"line":8},"1":{"name":"(anonymous_1)","decl":{"start":{"line":12,"column":15},"end":{"line":12,"column":16}},"loc":{"start":{"line":12,"column":29},"end":{"line":15,"column":1}},"line":12},"2":{"name":"(anonymous_2)","decl":{"start":{"line":17,"column":17},"end":{"line":17,"column":18}},"loc":{"start":{"line":17,"column":31},"end":{"line":35,"column":1}},"line":17},"3":{"name":"(anonymous_3)","decl":{"start":{"line":19,"column":29},"end":{"line":19,"column":30}},"loc":{"start":{"line":19,"column":44},"end":{"line":34,"column":3}},"line":19},"4":{"name":"(anonymous_4)","decl":{"start":{"line":22,"column":46},"end":{"line":22,"column":47}},"loc":{"start":{"line":22,"column":66},"end":{"line":30,"column":7}},"line":22},"5":{"name":"(anonymous_5)","decl":{"start":{"line":37,"column":21},"end":{"line":37,"column":22}},"loc":{"start":{"line":37,"column":35},"end":{"line":57,"column":1}},"line":37},"6":{"name":"(anonymous_6)","decl":{"start":{"line":39,"column":29},"end":{"line":39,"column":30}},"loc":{"start":{"line":39,"column":44},"end":{"line":56,"column":3}},"line":39},"7":{"name":"(anonymous_7)","decl":{"start":{"line":42,"column":46},"end":{"line":42,"column":47}},"loc":{"start":{"line":42,"column":66},"end":{"line":52,"column":7}},"line":42},"8":{"name":"(anonymous_8)","decl":{"start":{"line":59,"column":15},"end":{"line":59,"column":16}},"loc":{"start":{"line":59,"column":29},"end":{"line":72,"column":1}},"line":59},"9":{"name":"(anonymous_9)","decl":{"start":{"line":74,"column":15},"end":{"line":74,"column":16}},"loc":{"start":{"line":74,"column":29},"end":{"line":89,"column":1}},"line":74},"10":{"name":"(anonymous_10)","decl":{"start":{"line":76,"column":24},"end":{"line":76,"column":25}},"loc":{"start":{"line":76,"column":39},"end":{"line":88,"column":3}},"line":76},"11":{"name":"(anonymous_11)","decl":{"start":{"line":81,"column":8},"end":{"line":81,"column":9}},"loc":{"start":{"line":81,"column":17},"end":{"line":81,"column":40}},"line":81}},"branchMap":{"0":{"loc":{"start":{"line":21,"column":4},"end":{"line":33,"column":5}},"type":"if","locations":[{"start":{"line":21,"column":4},"end":{"line":33,"column":5}},{"start":{"line":31,"column":11},"end":{"line":33,"column":5}}],"line":21},"1":{"loc":{"start":{"line":24,"column":8},"end":{"line":29,"column":9}},"type":"if","locations":[{"start":{"line":24,"column":8},"end":{"line":29,"column":9}},{"start":{"line":27,"column":15},"end":{"line":29,"column":9}}],"line":24},"2":{"loc":{"start":{"line":41,"column":4},"end":{"line":55,"column":5}},"type":"if","locations":[{"start":{"line":41,"column":4},"end":{"line":55,"column":5}},{"start":{"line":53,"column":11},"end":{"line":55,"column":5}}],"line":41},"3":{"loc":{"start":{"line":44,"column":8},"end":{"line":51,"column":9}},"type":"if","locations":[{"start":{"line":44,"column":8},"end":{"line":51,"column":9}},{"start":{"line":49,"column":15},"end":{"line":51,"column":9}}],"line":44},"4":{"loc":{"start":{"line":64,"column":2},"end":{"line":66,"column":3}},"type":"if","locations":[{"start":{"line":64,"column":2},"end":{"line":66,"column":3}},{"start":{},"end":{}}],"line":64},"5":{"loc":{"start":{"line":77,"column":4},"end":{"line":85,"column":5}},"type":"if","locations":[{"start":{"line":77,"column":4},"end":{"line":85,"column":5}},{"start":{},"end":{}}],"line":77}},"s":{"0":1,"1":1,"2":1,"3":1,"4":1,"5":0,"6":1,"7":0,"8":0,"9":1,"10":0,"11":0,"12":0,"13":0,"14":0,"15":0,"16":0,"17":0,"18":0,"19":0,"20":0,"21":1,"22":0,"23":0,"24":0,"25":0,"26":0,"27":0,"28":0,"29":0,"30":0,"31":0,"32":0,"33":0,"34":0,"35":1,"36":0,"37":0,"38":0,"39":0,"40":0,"41":0,"42":1,"43":0,"44":0,"45":0,"46":0,"47":0,"48":0,"49":0,"50":0,"51":0,"52":0,"53":0,"54":1},"f":{"0":0,"1":0,"2":0,"3":0,"4":0,"5":0,"6":0,"7":0,"8":0,"9":0,"10":0,"11":0},"b":{"0":[0,0],"1":[0,0],"2":[0,0],"3":[0,0],"4":[0,0],"5":[0,0]},"_coverageSchema":"1a1c01bbd47fc00a2c39e90264f33305004495a9","hash":"82b9875321787192339693891169faffd3dc1e71"}
,"/Users/khalidhussain/Learning-Project/React/EAD/ead-sp22/backend/middlewares/index.js": {"path":"/Users/khalidhussain/Learning-Project/React/EAD/ead-sp22/backend/middlewares/index.js","statementMap":{"0":{"start":{"line":1,"column":13},"end":{"line":1,"column":38}},"1":{"start":{"line":2,"column":12},"end":{"line":2,"column":35}},"2":{"start":{"line":3,"column":27},"end":{"line":9,"column":1}},"3":{"start":{"line":4,"column":27},"end":{"line":4,"column":35}},"4":{"start":{"line":5,"column":2},"end":{"line":7,"column":3}},"5":{"start":{"line":6,"column":4},"end":{"line":6,"column":35}},"6":{"start":{"line":8,"column":2},"end":{"line":8,"column":9}},"7":{"start":{"line":11,"column":21},"end":{"line":15,"column":1}},"8":{"start":{"line":12,"column":2},"end":{"line":12,"column":36}},"9":{"start":{"line":14,"column":2},"end":{"line":14,"column":9}},"10":{"start":{"line":26,"column":24},"end":{"line":29,"column":1}},"11":{"start":{"line":27,"column":2},"end":{"line":27,"column":38}},"12":{"start":{"line":28,"column":2},"end":{"line":28,"column":9}},"13":{"start":{"line":31,"column":24},"end":{"line":38,"column":1}},"14":{"start":{"line":32,"column":2},"end":{"line":37,"column":5}},"15":{"start":{"line":33,"column":4},"end":{"line":35,"column":5}},"16":{"start":{"line":34,"column":6},"end":{"line":34,"column":36}},"17":{"start":{"line":36,"column":4},"end":{"line":36,"column":11}},"18":{"start":{"line":40,"column":19},"end":{"line":47,"column":1}},"19":{"start":{"line":41,"column":2},"end":{"line":46,"column":5}},"20":{"start":{"line":42,"column":4},"end":{"line":44,"column":5}},"21":{"start":{"line":43,"column":6},"end":{"line":43,"column":31}},"22":{"start":{"line":45,"column":4},"end":{"line":45,"column":11}},"23":{"start":{"line":49,"column":0},"end":{"line":56,"column":2}}},"fnMap":{"0":{"name":"(anonymous_0)","decl":{"start":{"line":3,"column":27},"end":{"line":3,"column":28}},"loc":{"start":{"line":3,"column":47},"end":{"line":9,"column":1}},"line":3},"1":{"name":"(anonymous_1)","decl":{"start":{"line":11,"column":21},"end":{"line":11,"column":22}},"loc":{"start":{"line":11,"column":41},"end":{"line":15,"column":1}},"line":11},"2":{"name":"(anonymous_2)","decl":{"start":{"line":26,"column":24},"end":{"line":26,"column":25}},"loc":{"start":{"line":26,"column":44},"end":{"line":29,"column":1}},"line":26},"3":{"name":"(anonymous_3)","decl":{"start":{"line":31,"column":24},"end":{"line":31,"column":25}},"loc":{"start":{"line":31,"column":44},"end":{"line":38,"column":1}},"line":31},"4":{"name":"(anonymous_4)","decl":{"start":{"line":32,"column":33},"end":{"line":32,"column":34}},"loc":{"start":{"line":32,"column":48},"end":{"line":37,"column":3}},"line":32},"5":{"name":"(anonymous_5)","decl":{"start":{"line":40,"column":19},"end":{"line":40,"column":20}},"loc":{"start":{"line":40,"column":39},"end":{"line":47,"column":1}},"line":40},"6":{"name":"(anonymous_6)","decl":{"start":{"line":41,"column":33},"end":{"line":41,"column":34}},"loc":{"start":{"line":41,"column":48},"end":{"line":46,"column":3}},"line":41}},"branchMap":{"0":{"loc":{"start":{"line":5,"column":2},"end":{"line":7,"column":3}},"type":"if","locations":[{"start":{"line":5,"column":2},"end":{"line":7,"column":3}},{"start":{},"end":{}}],"line":5},"1":{"loc":{"start":{"line":5,"column":6},"end":{"line":5,"column":36}},"type":"binary-expr","locations":[{"start":{"line":5,"column":6},"end":{"line":5,"column":12}},{"start":{"line":5,"column":16},"end":{"line":5,"column":22}},{"start":{"line":5,"column":26},"end":{"line":5,"column":36}}],"line":5},"2":{"loc":{"start":{"line":33,"column":4},"end":{"line":35,"column":5}},"type":"if","locations":[{"start":{"line":33,"column":4},"end":{"line":35,"column":5}},{"start":{},"end":{}}],"line":33},"3":{"loc":{"start":{"line":42,"column":4},"end":{"line":44,"column":5}},"type":"if","locations":[{"start":{"line":42,"column":4},"end":{"line":44,"column":5}},{"start":{},"end":{}}],"line":42}},"s":{"0":1,"1":1,"2":1,"3":0,"4":0,"5":0,"6":0,"7":1,"8":0,"9":0,"10":1,"11":1,"12":1,"13":1,"14":0,"15":0,"16":0,"17":0,"18":1,"19":0,"20":0,"21":0,"22":0,"23":1},"f":{"0":0,"1":0,"2":1,"3":0,"4":0,"5":0,"6":0},"b":{"0":[0,0],"1":[0,0,0],"2":[0,0],"3":[0,0]},"_coverageSchema":"1a1c01bbd47fc00a2c39e90264f33305004495a9","hash":"722d19e552608434773aa1ebd238a07eba8bf73f"}
,"/Users/khalidhussain/Learning-Project/React/EAD/ead-sp22/backend/models/Product.js": {"path":"/Users/khalidhussain/Learning-Project/React/EAD/ead-sp22/backend/models/Product.js","statementMap":{"0":{"start":{"line":1,"column":17},"end":{"line":1,"column":36}},"1":{"start":{"line":3,"column":15},"end":{"line":3,"column":30}},"2":{"start":{"line":5,"column":22},"end":{"line":14,"column":2}},"3":{"start":{"line":16,"column":16},"end":{"line":16,"column":56}},"4":{"start":{"line":18,"column":0},"end":{"line":18,"column":25}}},"fnMap":{},"branchMap":{},"s":{"0":1,"1":1,"2":1,"3":1,"4":1},"f":{},"b":{},"_coverageSchema":"1a1c01bbd47fc00a2c39e90264f33305004495a9","hash":"aad308acb8af02c02c0a5d4df7b1a966ad2cfe88"}
,"/Users/khalidhussain/Learning-Project/React/EAD/ead-sp22/backend/models/User.js": {"path":"/Users/khalidhussain/Learning-Project/React/EAD/ead-sp22/backend/models/User.js","statementMap":{"0":{"start":{"line":1,"column":17},"end":{"line":1,"column":36}},"1":{"start":{"line":2,"column":15},"end":{"line":2,"column":32}},"2":{"start":{"line":3,"column":24},"end":{"line":3,"column":60}},"3":{"start":{"line":5,"column":15},"end":{"line":5,"column":30}},"4":{"start":{"line":7,"column":19},"end":{"line":14,"column":2}},"5":{"start":{"line":16,"column":0},"end":{"line":16,"column":35}},"6":{"start":{"line":18,"column":0},"end":{"line":24,"column":3}},"7":{"start":{"line":19,"column":15},"end":{"line":19,"column":19}},"8":{"start":{"line":20,"column":2},"end":{"line":23,"column":5}},"9":{"start":{"line":21,"column":4},"end":{"line":21,"column":25}},"10":{"start":{"line":22,"column":4},"end":{"line":22,"column":11}},"11":{"start":{"line":26,"column":13},"end":{"line":26,"column":47}},"12":{"start":{"line":28,"column":0},"end":{"line":28,"column":22}}},"fnMap":{"0":{"name":"(anonymous_0)","decl":{"start":{"line":18,"column":23},"end":{"line":18,"column":24}},"loc":{"start":{"line":18,"column":39},"end":{"line":24,"column":1}},"line":18},"1":{"name":"(anonymous_1)","decl":{"start":{"line":20,"column":32},"end":{"line":20,"column":33}},"loc":{"start":{"line":20,"column":53},"end":{"line":23,"column":3}},"line":20}},"branchMap":{},"s":{"0":1,"1":1,"2":1,"3":1,"4":1,"5":1,"6":1,"7":0,"8":0,"9":0,"10":0,"11":1,"12":1},"f":{"0":0,"1":0},"b":{},"_coverageSchema":"1a1c01bbd47fc00a2c39e90264f33305004495a9","hash":"acff462f01da712e68883563c06db5c8d5f09fd6"}
}
