{"/Users/khalidhussain/Learning-Project/React/EAD/ead-sp22/backend/index.js": {"path":"/Users/khalidhussain/Learning-Project/React/EAD/ead-sp22/backend/index.js","statementMap":{"0":{"start":{"line":23,"column":16},"end":{"line":23,"column":34}},"1":{"start":{"line":25,"column":19},"end":{"line":25,"column":41}},"2":{"start":{"line":27,"column":23},"end":{"line":27,"column":49}},"3":{"start":{"line":29,"column":19},"end":{"line":29,"column":48}},"4":{"start":{"line":31,"column":17},"end":{"line":31,"column":36}},"5":{"start":{"line":33,"column":13},"end":{"line":33,"column":28}},"6":{"start":{"line":35,"column":14},"end":{"line":35,"column":38}},"7":{"start":{"line":37,"column":15},"end":{"line":37,"column":32}},"8":{"start":{"line":39,"column":21},"end":{"line":39,"column":38}},"9":{"start":{"line":41,"column":14},"end":{"line":41,"column":32}},"10":{"start":{"line":43,"column":0},"end":{"line":45,"column":3}},"11":{"start":{"line":44,"column":2},"end":{"line":44,"column":70}},"12":{"start":{"line":47,"column":0},"end":{"line":47,"column":33}},"13":{"start":{"line":48,"column":0},"end":{"line":48,"column":32}},"14":{"start":{"line":49,"column":0},"end":{"line":49,"column":32}},"15":{"start":{"line":51,"column":0},"end":{"line":51,"column":16}},"16":{"start":{"line":53,"column":19},"end":{"line":53,"column":44}},"17":{"start":{"line":55,"column":26},"end":{"line":55,"column":68}},"18":{"start":{"line":57,"column":23},"end":{"line":57,"column":62}},"19":{"start":{"line":59,"column":32},"end":{"line":59,"column":46}},"20":{"start":{"line":61,"column":12},"end":{"line":61,"column":21}},"21":{"start":{"line":63,"column":0},"end":{"line":63,"column":22}},"22":{"start":{"line":65,"column":0},"end":{"line":65,"column":17}},"23":{"start":{"line":67,"column":0},"end":{"line":67,"column":51}},"24":{"start":{"line":69,"column":0},"end":{"line":69,"column":48}},"25":{"start":{"line":70,"column":0},"end":{"line":70,"column":49}},"26":{"start":{"line":72,"column":0},"end":{"line":72,"column":27}},"27":{"start":{"line":73,"column":0},"end":{"line":73,"column":51}},"28":{"start":{"line":75,"column":0},"end":{"line":75,"column":30}},"29":{"start":{"line":77,"column":0},"end":{"line":77,"column":51}},"30":{"start":{"line":81,"column":0},"end":{"line":81,"column":25}},"31":{"start":{"line":83,"column":0},"end":{"line":83,"column":41}},"32":{"start":{"line":85,"column":0},"end":{"line":92,"column":3}},"33":{"start":{"line":90,"column":19},"end":{"line":90,"column":68}},"34":{"start":{"line":91,"column":2},"end":{"line":91,"column":51}},"35":{"start":{"line":94,"column":0},"end":{"line":97,"column":3}},"36":{"start":{"line":95,"column":2},"end":{"line":95,"column":22}},"37":{"start":{"line":96,"column":2},"end":{"line":96,"column":27}},"38":{"start":{"line":99,"column":0},"end":{"line":105,"column":2}},"39":{"start":{"line":107,"column":0},"end":{"line":107,"column":42}},"40":{"start":{"line":109,"column":0},"end":{"line":109,"column":65}},"41":{"start":{"line":111,"column":0},"end":{"line":111,"column":63}},"42":{"start":{"line":113,"column":0},"end":{"line":113,"column":56}},"43":{"start":{"line":115,"column":0},"end":{"line":115,"column":48}},"44":{"start":{"line":118,"column":0},"end":{"line":122,"column":2}},"45":{"start":{"line":124,"column":0},"end":{"line":124,"column":73}},"46":{"start":{"line":126,"column":0},"end":{"line":126,"column":80}},"47":{"start":{"line":128,"column":0},"end":{"line":128,"column":58}},"48":{"start":{"line":130,"column":0},"end":{"line":136,"column":3}},"49":{"start":{"line":135,"column":2},"end":{"line":135,"column":22}},"50":{"start":{"line":138,"column":0},"end":{"line":144,"column":3}},"51":{"start":{"line":139,"column":15},"end":{"line":139,"column":47}},"52":{"start":{"line":140,"column":2},"end":{"line":140,"column":43}},"53":{"start":{"line":141,"column":2},"end":{"line":141,"column":42}},"54":{"start":{"line":142,"column":19},"end":{"line":142,"column":68}},"55":{"start":{"line":143,"column":2},"end":{"line":143,"column":47}},"56":{"start":{"line":149,"column":0},"end":{"line":151,"column":3}},"57":{"start":{"line":150,"column":2},"end":{"line":150,"column":45}},"58":{"start":{"line":155,"column":0},"end":{"line":155,"column":21}}},"fnMap":{"0":{"name":"(anonymous_0)","decl":{"start":{"line":43,"column":17},"end":{"line":43,"column":18}},"loc":{"start":{"line":43,"column":38},"end":{"line":45,"column":1}},"line":43},"1":{"name":"(anonymous_1)","decl":{"start":{"line":85,"column":13},"end":{"line":85,"column":14}},"loc":{"start":{"line":85,"column":33},"end":{"line":92,"column":1}},"line":85},"2":{"name":"(anonymous_2)","decl":{"start":{"line":94,"column":32},"end":{"line":94,"column":33}},"loc":{"start":{"line":94,"column":46},"end":{"line":97,"column":1}},"line":94},"3":{"name":"(anonymous_3)","decl":{"start":{"line":130,"column":18},"end":{"line":130,"column":19}},"loc":{"start":{"line":130,"column":38},"end":{"line":136,"column":1}},"line":130},"4":{"name":"(anonymous_4)","decl":{"start":{"line":138,"column":17},"end":{"line":138,"column":18}},"loc":{"start":{"line":138,"column":37},"end":{"line":144,"column":1}},"line":138},"5":{"name":"(anonymous_5)","decl":{"start":{"line":149,"column":13},"end":{"line":149,"column":14}},"loc":{"start":{"line":149,"column":33},"end":{"line":151,"column":1}},"line":149}},"branchMap":{},"s":{"0":1,"1":1,"2":1,"3":1,"4":1,"5":1,"6":1,"7":1,"8":1,"9":1,"10":1,"11":3,"12":1,"13":1,"14":1,"15":1,"16":1,"17":1,"18":1,"19":1,"20":1,"21":1,"22":1,"23":1,"24":1,"25":1,"26":1,"27":1,"28":1,"29":1,"30":1,"31":1,"32":1,"33":0,"34":0,"35":1,"36":0,"37":0,"38":1,"39":1,"40":1,"41":1,"42":1,"43":1,"44":1,"45":1,"46":1,"47":1,"48":1,"49":0,"50":1,"51":0,"52":0,"53":0,"54":0,"55":0,"56":1,"57":0,"58":1},"f":{"0":3,"1":0,"2":0,"3":0,"4":0,"5":0},"b":{},"_coverageSchema":"1a1c01bbd47fc00a2c39e90264f33305004495a9","hash":"98c15ad93a13bbf6bdb0e1291f89342e9ef48074"}
,"/Users/khalidhussain/Learning-Project/React/EAD/ead-sp22/backend/controllers/productController.js": {"path":"/Users/khalidhussain/Learning-Project/React/EAD/ead-sp22/backend/controllers/productController.js","statementMap":{"0":{"start":{"line":1,"column":16},"end":{"line":1,"column":44}},"1":{"start":{"line":2,"column":13},"end":{"line":2,"column":28}},"2":{"start":{"line":4,"column":20},"end":{"line":8,"column":1}},"3":{"start":{"line":5,"column":2},"end":{"line":5,"column":31}},"4":{"start":{"line":6,"column":19},"end":{"line":6,"column":58}},"5":{"start":{"line":7,"column":2},"end":{"line":7,"column":39}},"6":{"start":{"line":12,"column":23},"end":{"line":15,"column":1}},"7":{"start":{"line":13,"column":19},"end":{"line":13,"column":39}},"8":{"start":{"line":14,"column":2},"end":{"line":14,"column":20}},"9":{"start":{"line":18,"column":15},"end":{"line":20,"column":1}},"10":{"start":{"line":19,"column":2},"end":{"line":19,"column":23}},"11":{"start":{"line":22,"column":22},"end":{"line":27,"column":1}},"12":{"start":{"line":23,"column":14},"end":{"line":23,"column":28}},"13":{"start":{"line":24,"column":2},"end":{"line":24,"column":27}},"14":{"start":{"line":25,"column":15},"end":{"line":25,"column":42}},"15":{"start":{"line":26,"column":2},"end":{"line":26,"column":49}},"16":{"start":{"line":29,"column":22},"end":{"line":42,"column":1}},"17":{"start":{"line":30,"column":2},"end":{"line":30,"column":24}},"18":{"start":{"line":31,"column":2},"end":{"line":31,"column":24}},"19":{"start":{"line":32,"column":14},"end":{"line":32,"column":27}},"20":{"start":{"line":33,"column":2},"end":{"line":41,"column":5}},"21":{"start":{"line":34,"column":4},"end":{"line":40,"column":6}},"22":{"start":{"line":37,"column":8},"end":{"line":37,"column":29}},"23":{"start":{"line":38,"column":8},"end":{"line":38,"column":34}},"24":{"start":{"line":44,"column":0},"end":{"line":44,"column":87}}},"fnMap":{"0":{"name":"(anonymous_0)","decl":{"start":{"line":4,"column":20},"end":{"line":4,"column":21}},"loc":{"start":{"line":4,"column":40},"end":{"line":8,"column":1}},"line":4},"1":{"name":"(anonymous_1)","decl":{"start":{"line":12,"column":23},"end":{"line":12,"column":24}},"loc":{"start":{"line":12,"column":43},"end":{"line":15,"column":1}},"line":12},"2":{"name":"(anonymous_2)","decl":{"start":{"line":18,"column":15},"end":{"line":18,"column":16}},"loc":{"start":{"line":18,"column":29},"end":{"line":20,"column":1}},"line":18},"3":{"name":"(anonymous_3)","decl":{"start":{"line":22,"column":22},"end":{"line":22,"column":23}},"loc":{"start":{"line":22,"column":42},"end":{"line":27,"column":1}},"line":22},"4":{"name":"(anonymous_4)","decl":{"start":{"line":29,"column":22},"end":{"line":29,"column":23}},"loc":{"start":{"line":29,"column":36},"end":{"line":42,"column":1}},"line":29},"5":{"name":"(anonymous_5)","decl":{"start":{"line":33,"column":58},"end":{"line":33,"column":59}},"loc":{"start":{"line":33,"column":67},"end":{"line":41,"column":3}},"line":33},"6":{"name":"(anonymous_6)","decl":{"start":{"line":36,"column":6},"end":{"line":36,"column":7}},"loc":{"start":{"line":36,"column":24},"end":{"line":39,"column":7}},"line":36}},"branchMap":{},"s":{"0":1,"1":1,"2":1,"3":0,"4":0,"5":0,"6":1,"7":1,"8":1,"9":1,"10":0,"11":1,"12":0,"13":0,"14":0,"15":0,"16":1,"17":0,"18":0,"19":0,"20":0,"21":0,"22":0,"23":0,"24":1},"f":{"0":0,"1":1,"2":0,"3":0,"4":0,"5":0,"6":0},"b":{},"_coverageSchema":"1a1c01bbd47fc00a2c39e90264f33305004495a9","hash":"970227b00b4f55a81c33f8908e900e8bc8b5f9cc"}
,"/Users/khalidhussain/Learning-Project/React/EAD/ead-sp22/backend/controllers/userController.js": {"path":"/Users/khalidhussain/Learning-Project/React/EAD/ead-sp22/backend/controllers/userController.js","statementMap":{"0":{"start":{"line":1,"column":13},"end":{"line":1,"column":38}},"1":{"start":{"line":2,"column":15},"end":{"line":2,"column":32}},"2":{"start":{"line":4,"column":14},"end":{"line":6,"column":1}},"3":{"start":{"line":5,"column":2},"end":{"line":5,"column":27}},"4":{"start":{"line":8,"column":15},"end":{"line":11,"column":1}},"5":{"start":{"line":9,"column":2},"end":{"line":9,"column":24}},"6":{"start":{"line":10,"column":2},"end":{"line":10,"column":25}},"7":{"start":{"line":13,"column":21},"end":{"line":32,"column":1}},"8":{"start":{"line":14,"column":33},"end":{"line":14,"column":41}},"9":{"start":{"line":15,"column":2},"end":{"line":31,"column":5}},"10":{"start":{"line":16,"column":4},"end":{"line":16,"column":22}},"11":{"start":{"line":17,"column":4},"end":{"line":30,"column":5}},"12":{"start":{"line":18,"column":6},"end":{"line":27,"column":9}},"13":{"start":{"line":19,"column":8},"end":{"line":19,"column":31}},"14":{"start":{"line":20,"column":8},"end":{"line":26,"column":9}},"15":{"start":{"line":21,"column":10},"end":{"line":21,"column":37}},"16":{"start":{"line":22,"column":10},"end":{"line":22,"column":28}},"17":{"start":{"line":23,"column":10},"end":{"line":23,"column":28}},"18":{"start":{"line":25,"column":10},"end":{"line":25,"column":33}},"19":{"start":{"line":29,"column":6},"end":{"line":29,"column":29}},"20":{"start":{"line":34,"column":15},"end":{"line":47,"column":1}},"21":{"start":{"line":35,"column":15},"end":{"line":35,"column":35}},"22":{"start":{"line":36,"column":2},"end":{"line":36,"column":29}},"23":{"start":{"line":37,"column":17},"end":{"line":37,"column":19}},"24":{"start":{"line":39,"column":2},"end":{"line":41,"column":3}},"25":{"start":{"line":40,"column":4},"end":{"line":40,"column":29}},"26":{"start":{"line":43,"column":2},"end":{"line":46,"column":5}},"27":{"start":{"line":49,"column":15},"end":{"line":64,"column":1}},"28":{"start":{"line":50,"column":2},"end":{"line":50,"column":24}},"29":{"start":{"line":51,"column":2},"end":{"line":63,"column":5}},"30":{"start":{"line":52,"column":4},"end":{"line":60,"column":5}},"31":{"start":{"line":53,"column":6},"end":{"line":53,"column":34}},"32":{"start":{"line":54,"column":6},"end":{"line":54,"column":35}},"33":{"start":{"line":55,"column":21},"end":{"line":57,"column":7}},"34":{"start":{"line":56,"column":17},"end":{"line":56,"column":40}},"35":{"start":{"line":58,"column":6},"end":{"line":58,"column":44}},"36":{"start":{"line":59,"column":6},"end":{"line":59,"column":37}},"37":{"start":{"line":61,"column":4},"end":{"line":61,"column":22}},"38":{"start":{"line":62,"column":4},"end":{"line":62,"column":22}},"39":{"start":{"line":65,"column":0},"end":{"line":65,"column":65}}},"fnMap":{"0":{"name":"(anonymous_0)","decl":{"start":{"line":4,"column":14},"end":{"line":4,"column":15}},"loc":{"start":{"line":4,"column":28},"end":{"line":6,"column":1}},"line":4},"1":{"name":"(anonymous_1)","decl":{"start":{"line":8,"column":15},"end":{"line":8,"column":16}},"loc":{"start":{"line":8,"column":29},"end":{"line":11,"column":1}},"line":8},"2":{"name":"(anonymous_2)","decl":{"start":{"line":13,"column":21},"end":{"line":13,"column":22}},"loc":{"start":{"line":13,"column":35},"end":{"line":32,"column":1}},"line":13},"3":{"name":"(anonymous_3)","decl":{"start":{"line":15,"column":29},"end":{"line":15,"column":30}},"loc":{"start":{"line":15,"column":44},"end":{"line":31,"column":3}},"line":15},"4":{"name":"(anonymous_4)","decl":{"start":{"line":18,"column":46},"end":{"line":18,"column":47}},"loc":{"start":{"line":18,"column":66},"end":{"line":27,"column":7}},"line":18},"5":{"name":"(anonymous_5)","decl":{"start":{"line":34,"column":15},"end":{"line":34,"column":16}},"loc":{"start":{"line":34,"column":29},"end":{"line":47,"column":1}},"line":34},"6":{"name":"(anonymous_6)","decl":{"start":{"line":49,"column":15},"end":{"line":49,"column":16}},"loc":{"start":{"line":49,"column":29},"end":{"line":64,"column":1}},"line":49},"7":{"name":"(anonymous_7)","decl":{"start":{"line":51,"column":24},"end":{"line":51,"column":25}},"loc":{"start":{"line":51,"column":39},"end":{"line":63,"column":3}},"line":51},"8":{"name":"(anonymous_8)","decl":{"start":{"line":56,"column":8},"end":{"line":56,"column":9}},"loc":{"start":{"line":56,"column":17},"end":{"line":56,"column":40}},"line":56}},"branchMap":{"0":{"loc":{"start":{"line":17,"column":4},"end":{"line":30,"column":5}},"type":"if","locations":[{"start":{"line":17,"column":4},"end":{"line":30,"column":5}},{"start":{"line":28,"column":11},"end":{"line":30,"column":5}}],"line":17},"1":{"loc":{"start":{"line":20,"column":8},"end":{"line":26,"column":9}},"type":"if","locations":[{"start":{"line":20,"column":8},"end":{"line":26,"column":9}},{"start":{"line":24,"column":15},"end":{"line":26,"column":9}}],"line":20},"2":{"loc":{"start":{"line":39,"column":2},"end":{"line":41,"column":3}},"type":"if","locations":[{"start":{"line":39,"column":2},"end":{"line":41,"column":3}},{"start":{},"end":{}}],"line":39},"3":{"loc":{"start":{"line":52,"column":4},"end":{"line":60,"column":5}},"type":"if","locations":[{"start":{"line":52,"column":4},"end":{"line":60,"column":5}},{"start":{},"end":{}}],"line":52}},"s":{"0":1,"1":1,"2":1,"3":0,"4":1,"5":0,"6":0,"7":1,"8":0,"9":0,"10":0,"11":0,"12":0,"13":0,"14":0,"15":0,"16":0,"17":0,"18":0,"19":0,"20":1,"21":0,"22":0,"23":0,"24":0,"25":0,"26":0,"27":1,"28":0,"29":0,"30":0,"31":0,"32":0,"33":0,"34":0,"35":0,"36":0,"37":0,"38":0,"39":1},"f":{"0":0,"1":0,"2":0,"3":0,"4":0,"5":0,"6":0,"7":0,"8":0},"b":{"0":[0,0],"1":[0,0],"2":[0,0],"3":[0,0]},"_coverageSchema":"1a1c01bbd47fc00a2c39e90264f33305004495a9","hash":"ecdb3ce88d25ac8f9db6948f410a83c0f96db75d"}
,"/Users/khalidhussain/Learning-Project/React/EAD/ead-sp22/backend/middlewares/index.js": {"path":"/Users/khalidhussain/Learning-Project/React/EAD/ead-sp22/backend/middlewares/index.js","statementMap":{"0":{"start":{"line":1,"column":13},"end":{"line":1,"column":38}},"1":{"start":{"line":2,"column":27},"end":{"line":8,"column":1}},"2":{"start":{"line":3,"column":27},"end":{"line":3,"column":35}},"3":{"start":{"line":4,"column":2},"end":{"line":6,"column":3}},"4":{"start":{"line":5,"column":4},"end":{"line":5,"column":35}},"5":{"start":{"line":7,"column":2},"end":{"line":7,"column":9}},"6":{"start":{"line":10,"column":21},"end":{"line":14,"column":1}},"7":{"start":{"line":11,"column":2},"end":{"line":11,"column":36}},"8":{"start":{"line":13,"column":2},"end":{"line":13,"column":9}},"9":{"start":{"line":16,"column":24},"end":{"line":19,"column":1}},"10":{"start":{"line":17,"column":2},"end":{"line":17,"column":38}},"11":{"start":{"line":18,"column":2},"end":{"line":18,"column":9}},"12":{"start":{"line":21,"column":24},"end":{"line":28,"column":1}},"13":{"start":{"line":22,"column":2},"end":{"line":27,"column":5}},"14":{"start":{"line":23,"column":4},"end":{"line":25,"column":5}},"15":{"start":{"line":24,"column":6},"end":{"line":24,"column":36}},"16":{"start":{"line":26,"column":4},"end":{"line":26,"column":11}},"17":{"start":{"line":30,"column":19},"end":{"line":37,"column":1}},"18":{"start":{"line":31,"column":2},"end":{"line":36,"column":5}},"19":{"start":{"line":32,"column":4},"end":{"line":34,"column":5}},"20":{"start":{"line":33,"column":6},"end":{"line":33,"column":31}},"21":{"start":{"line":35,"column":4},"end":{"line":35,"column":11}},"22":{"start":{"line":39,"column":0},"end":{"line":45,"column":2}}},"fnMap":{"0":{"name":"(anonymous_0)","decl":{"start":{"line":2,"column":27},"end":{"line":2,"column":28}},"loc":{"start":{"line":2,"column":47},"end":{"line":8,"column":1}},"line":2},"1":{"name":"(anonymous_1)","decl":{"start":{"line":10,"column":21},"end":{"line":10,"column":22}},"loc":{"start":{"line":10,"column":41},"end":{"line":14,"column":1}},"line":10},"2":{"name":"(anonymous_2)","decl":{"start":{"line":16,"column":24},"end":{"line":16,"column":25}},"loc":{"start":{"line":16,"column":44},"end":{"line":19,"column":1}},"line":16},"3":{"name":"(anonymous_3)","decl":{"start":{"line":21,"column":24},"end":{"line":21,"column":25}},"loc":{"start":{"line":21,"column":44},"end":{"line":28,"column":1}},"line":21},"4":{"name":"(anonymous_4)","decl":{"start":{"line":22,"column":33},"end":{"line":22,"column":34}},"loc":{"start":{"line":22,"column":48},"end":{"line":27,"column":3}},"line":22},"5":{"name":"(anonymous_5)","decl":{"start":{"line":30,"column":19},"end":{"line":30,"column":20}},"loc":{"start":{"line":30,"column":39},"end":{"line":37,"column":1}},"line":30},"6":{"name":"(anonymous_6)","decl":{"start":{"line":31,"column":33},"end":{"line":31,"column":34}},"loc":{"start":{"line":31,"column":48},"end":{"line":36,"column":3}},"line":31}},"branchMap":{"0":{"loc":{"start":{"line":4,"column":2},"end":{"line":6,"column":3}},"type":"if","locations":[{"start":{"line":4,"column":2},"end":{"line":6,"column":3}},{"start":{},"end":{}}],"line":4},"1":{"loc":{"start":{"line":4,"column":6},"end":{"line":4,"column":36}},"type":"binary-expr","locations":[{"start":{"line":4,"column":6},"end":{"line":4,"column":12}},{"start":{"line":4,"column":16},"end":{"line":4,"column":22}},{"start":{"line":4,"column":26},"end":{"line":4,"column":36}}],"line":4},"2":{"loc":{"start":{"line":23,"column":4},"end":{"line":25,"column":5}},"type":"if","locations":[{"start":{"line":23,"column":4},"end":{"line":25,"column":5}},{"start":{},"end":{}}],"line":23},"3":{"loc":{"start":{"line":32,"column":4},"end":{"line":34,"column":5}},"type":"if","locations":[{"start":{"line":32,"column":4},"end":{"line":34,"column":5}},{"start":{},"end":{}}],"line":32}},"s":{"0":1,"1":1,"2":0,"3":0,"4":0,"5":0,"6":1,"7":0,"8":0,"9":1,"10":1,"11":1,"12":1,"13":0,"14":0,"15":0,"16":0,"17":1,"18":0,"19":0,"20":0,"21":0,"22":1},"f":{"0":0,"1":0,"2":1,"3":0,"4":0,"5":0,"6":0},"b":{"0":[0,0],"1":[0,0,0],"2":[0,0],"3":[0,0]},"_coverageSchema":"1a1c01bbd47fc00a2c39e90264f33305004495a9","hash":"6e6327f2bcb9165e01dbbbc151b20279858c3d05"}
,"/Users/khalidhussain/Learning-Project/React/EAD/ead-sp22/backend/models/Product.js": {"path":"/Users/khalidhussain/Learning-Project/React/EAD/ead-sp22/backend/models/Product.js","statementMap":{"0":{"start":{"line":1,"column":17},"end":{"line":1,"column":36}},"1":{"start":{"line":3,"column":15},"end":{"line":3,"column":30}},"2":{"start":{"line":5,"column":22},"end":{"line":14,"column":2}},"3":{"start":{"line":16,"column":16},"end":{"line":16,"column":56}},"4":{"start":{"line":18,"column":0},"end":{"line":18,"column":25}}},"fnMap":{},"branchMap":{},"s":{"0":1,"1":1,"2":1,"3":1,"4":1},"f":{},"b":{},"_coverageSchema":"1a1c01bbd47fc00a2c39e90264f33305004495a9","hash":"aad308acb8af02c02c0a5d4df7b1a966ad2cfe88"}
,"/Users/khalidhussain/Learning-Project/React/EAD/ead-sp22/backend/models/User.js": {"path":"/Users/khalidhussain/Learning-Project/React/EAD/ead-sp22/backend/models/User.js","statementMap":{"0":{"start":{"line":1,"column":17},"end":{"line":1,"column":36}},"1":{"start":{"line":2,"column":15},"end":{"line":2,"column":32}},"2":{"start":{"line":3,"column":24},"end":{"line":3,"column":60}},"3":{"start":{"line":5,"column":15},"end":{"line":5,"column":30}},"4":{"start":{"line":7,"column":19},"end":{"line":14,"column":2}},"5":{"start":{"line":16,"column":0},"end":{"line":16,"column":35}},"6":{"start":{"line":18,"column":0},"end":{"line":24,"column":3}},"7":{"start":{"line":19,"column":15},"end":{"line":19,"column":19}},"8":{"start":{"line":20,"column":2},"end":{"line":23,"column":5}},"9":{"start":{"line":21,"column":4},"end":{"line":21,"column":25}},"10":{"start":{"line":22,"column":4},"end":{"line":22,"column":11}},"11":{"start":{"line":26,"column":13},"end":{"line":26,"column":47}},"12":{"start":{"line":28,"column":0},"end":{"line":28,"column":22}}},"fnMap":{"0":{"name":"(anonymous_0)","decl":{"start":{"line":18,"column":23},"end":{"line":18,"column":24}},"loc":{"start":{"line":18,"column":39},"end":{"line":24,"column":1}},"line":18},"1":{"name":"(anonymous_1)","decl":{"start":{"line":20,"column":32},"end":{"line":20,"column":33}},"loc":{"start":{"line":20,"column":53},"end":{"line":23,"column":3}},"line":20}},"branchMap":{},"s":{"0":1,"1":1,"2":1,"3":1,"4":1,"5":1,"6":1,"7":0,"8":0,"9":0,"10":0,"11":1,"12":1},"f":{"0":0,"1":0},"b":{},"_coverageSchema":"1a1c01bbd47fc00a2c39e90264f33305004495a9","hash":"acff462f01da712e68883563c06db5c8d5f09fd6"}
}
